{"total": {"lines":{"total":279,"covered":220,"skipped":0,"pct":78.85},"statements":{"total":308,"covered":243,"skipped":0,"pct":78.89},"functions":{"total":87,"covered":57,"skipped":0,"pct":65.51},"branches":{"total":47,"covered":22,"skipped":0,"pct":46.8},"branchesTrue":{"total":0,"covered":0,"skipped":0,"pct":100}}
,"/home/runner/work/fortis/fortis/src/app/app.component.ts": {"lines":{"total":14,"covered":10,"skipped":0,"pct":71.42},"functions":{"total":6,"covered":3,"skipped":0,"pct":50},"statements":{"total":16,"covered":11,"skipped":0,"pct":68.75},"branches":{"total":1,"covered":0,"skipped":0,"pct":0}}
,"/home/runner/work/fortis/fortis/src/app/helpers/base/base.component.ts": {"lines":{"total":6,"covered":6,"skipped":0,"pct":100},"functions":{"total":3,"covered":3,"skipped":0,"pct":100},"statements":{"total":7,"covered":7,"skipped":0,"pct":100},"branches":{"total":0,"covered":0,"skipped":0,"pct":100}}
,"/home/runner/work/fortis/fortis/src/app/modals/help/help.component.ts": {"lines":{"total":6,"covered":5,"skipped":0,"pct":83.33},"functions":{"total":2,"covered":2,"skipped":0,"pct":100},"statements":{"total":6,"covered":5,"skipped":0,"pct":83.33},"branches":{"total":2,"covered":1,"skipped":0,"pct":50}}
,"/home/runner/work/fortis/fortis/src/app/modals/help/blinds-help/blinds-help.component.ts": {"lines":{"total":1,"covered":1,"skipped":0,"pct":100},"functions":{"total":0,"covered":0,"skipped":0,"pct":100},"statements":{"total":2,"covered":2,"skipped":0,"pct":100},"branches":{"total":0,"covered":0,"skipped":0,"pct":100}}
,"/home/runner/work/fortis/fortis/src/app/modals/help/climate-help/climate-help.component.ts": {"lines":{"total":3,"covered":3,"skipped":0,"pct":100},"functions":{"total":1,"covered":1,"skipped":0,"pct":100},"statements":{"total":4,"covered":4,"skipped":0,"pct":100},"branches":{"total":0,"covered":0,"skipped":0,"pct":100}}
,"/home/runner/work/fortis/fortis/src/app/modals/help/door-help/door-help.component.ts": {"lines":{"total":1,"covered":1,"skipped":0,"pct":100},"functions":{"total":0,"covered":0,"skipped":0,"pct":100},"statements":{"total":2,"covered":2,"skipped":0,"pct":100},"branches":{"total":0,"covered":0,"skipped":0,"pct":100}}
,"/home/runner/work/fortis/fortis/src/app/modals/help/lights/lights-help.component.ts": {"lines":{"total":6,"covered":6,"skipped":0,"pct":100},"functions":{"total":1,"covered":1,"skipped":0,"pct":100},"statements":{"total":7,"covered":7,"skipped":0,"pct":100},"branches":{"total":0,"covered":0,"skipped":0,"pct":100}}
,"/home/runner/work/fortis/fortis/src/app/modals/mediacontrol/mediacontrol.component.ts": {"lines":{"total":24,"covered":1,"skipped":0,"pct":4.16},"functions":{"total":12,"covered":0,"skipped":0,"pct":0},"statements":{"total":29,"covered":1,"skipped":0,"pct":3.44},"branches":{"total":7,"covered":0,"skipped":0,"pct":0}}
,"/home/runner/work/fortis/fortis/src/app/modals/social/social.component.ts": {"lines":{"total":3,"covered":1,"skipped":0,"pct":33.33},"functions":{"total":2,"covered":0,"skipped":0,"pct":0},"statements":{"total":3,"covered":1,"skipped":0,"pct":33.33},"branches":{"total":0,"covered":0,"skipped":0,"pct":100}}
,"/home/runner/work/fortis/fortis/src/app/modals/workout-tools/workout-tools.component.ts": {"lines":{"total":4,"covered":4,"skipped":0,"pct":100},"functions":{"total":1,"covered":1,"skipped":0,"pct":100},"statements":{"total":5,"covered":5,"skipped":0,"pct":100},"branches":{"total":0,"covered":0,"skipped":0,"pct":100}}
,"/home/runner/work/fortis/fortis/src/app/pages/about/about.component.ts": {"lines":{"total":1,"covered":1,"skipped":0,"pct":100},"functions":{"total":0,"covered":0,"skipped":0,"pct":100},"statements":{"total":2,"covered":2,"skipped":0,"pct":100},"branches":{"total":0,"covered":0,"skipped":0,"pct":100}}
,"/home/runner/work/fortis/fortis/src/app/pages/book-gym/book-gym.component.ts": {"lines":{"total":9,"covered":9,"skipped":0,"pct":100},"functions":{"total":2,"covered":2,"skipped":0,"pct":100},"statements":{"total":9,"covered":9,"skipped":0,"pct":100},"branches":{"total":2,"covered":1,"skipped":0,"pct":50}}
,"/home/runner/work/fortis/fortis/src/app/pages/home/home.component.ts": {"lines":{"total":33,"covered":25,"skipped":0,"pct":75.75},"functions":{"total":11,"covered":8,"skipped":0,"pct":72.72},"statements":{"total":36,"covered":28,"skipped":0,"pct":77.77},"branches":{"total":11,"covered":6,"skipped":0,"pct":54.54}}
,"/home/runner/work/fortis/fortis/src/app/pages/page-not-found/page-not-found.component.ts": {"lines":{"total":1,"covered":1,"skipped":0,"pct":100},"functions":{"total":0,"covered":0,"skipped":0,"pct":100},"statements":{"total":2,"covered":2,"skipped":0,"pct":100},"branches":{"total":0,"covered":0,"skipped":0,"pct":100}}
,"/home/runner/work/fortis/fortis/src/app/pages/room/room.component.ts": {"lines":{"total":46,"covered":36,"skipped":0,"pct":78.26},"functions":{"total":9,"covered":5,"skipped":0,"pct":55.55},"statements":{"total":51,"covered":41,"skipped":0,"pct":80.39},"branches":{"total":4,"covered":0,"skipped":0,"pct":0}}
,"/home/runner/work/fortis/fortis/src/app/pages/user/user.component.ts": {"lines":{"total":35,"covered":32,"skipped":0,"pct":91.42},"functions":{"total":6,"covered":5,"skipped":0,"pct":83.33},"statements":{"total":36,"covered":33,"skipped":0,"pct":91.66},"branches":{"total":6,"covered":3,"skipped":0,"pct":50}}
,"/home/runner/work/fortis/fortis/src/app/services/api.service.ts": {"lines":{"total":9,"covered":8,"skipped":0,"pct":88.88},"functions":{"total":4,"covered":4,"skipped":0,"pct":100},"statements":{"total":10,"covered":9,"skipped":0,"pct":90},"branches":{"total":2,"covered":1,"skipped":0,"pct":50}}
,"/home/runner/work/fortis/fortis/src/app/services/data.service.ts": {"lines":{"total":13,"covered":10,"skipped":0,"pct":76.92},"functions":{"total":5,"covered":2,"skipped":0,"pct":40},"statements":{"total":13,"covered":10,"skipped":0,"pct":76.92},"branches":{"total":0,"covered":0,"skipped":0,"pct":100}}
,"/home/runner/work/fortis/fortis/src/app/services/timer.service.ts": {"lines":{"total":17,"covered":14,"skipped":0,"pct":82.35},"functions":{"total":6,"covered":5,"skipped":0,"pct":83.33},"statements":{"total":18,"covered":15,"skipped":0,"pct":83.33},"branches":{"total":4,"covered":2,"skipped":0,"pct":50}}
,"/home/runner/work/fortis/fortis/src/app/ui-components/booking-card/booking-card.component.ts": {"lines":{"total":5,"covered":5,"skipped":0,"pct":100},"functions":{"total":1,"covered":1,"skipped":0,"pct":100},"statements":{"total":5,"covered":5,"skipped":0,"pct":100},"branches":{"total":0,"covered":0,"skipped":0,"pct":100}}
,"/home/runner/work/fortis/fortis/src/app/ui-components/gym-card/gym-card.component.ts": {"lines":{"total":5,"covered":5,"skipped":0,"pct":100},"functions":{"total":1,"covered":1,"skipped":0,"pct":100},"statements":{"total":5,"covered":5,"skipped":0,"pct":100},"branches":{"total":0,"covered":0,"skipped":0,"pct":100}}
,"/home/runner/work/fortis/fortis/src/app/ui-components/icon-list/icon-list.component.ts": {"lines":{"total":1,"covered":1,"skipped":0,"pct":100},"functions":{"total":0,"covered":0,"skipped":0,"pct":100},"statements":{"total":2,"covered":2,"skipped":0,"pct":100},"branches":{"total":0,"covered":0,"skipped":0,"pct":100}}
,"/home/runner/work/fortis/fortis/src/app/ui-components/icon-list-item/icon-list-item.component.ts": {"lines":{"total":2,"covered":2,"skipped":0,"pct":100},"functions":{"total":1,"covered":1,"skipped":0,"pct":100},"statements":{"total":2,"covered":2,"skipped":0,"pct":100},"branches":{"total":0,"covered":0,"skipped":0,"pct":100}}
,"/home/runner/work/fortis/fortis/src/app/ui-components/infobanner/infobanner.component.ts": {"lines":{"total":1,"covered":1,"skipped":0,"pct":100},"functions":{"total":0,"covered":0,"skipped":0,"pct":100},"statements":{"total":2,"covered":2,"skipped":0,"pct":100},"branches":{"total":0,"covered":0,"skipped":0,"pct":100}}
,"/home/runner/work/fortis/fortis/src/app/ui-components/mat-accordion-responsive/mat-accordion-responsive.component.ts": {"lines":{"total":1,"covered":1,"skipped":0,"pct":100},"functions":{"total":0,"covered":0,"skipped":0,"pct":100},"statements":{"total":2,"covered":2,"skipped":0,"pct":100},"branches":{"total":0,"covered":0,"skipped":0,"pct":100}}
,"/home/runner/work/fortis/fortis/src/app/ui-components/mat-sq-button/mat-sq-button.component.ts": {"lines":{"total":11,"covered":11,"skipped":0,"pct":100},"functions":{"total":3,"covered":3,"skipped":0,"pct":100},"statements":{"total":11,"covered":11,"skipped":0,"pct":100},"branches":{"total":4,"covered":4,"skipped":0,"pct":100}}
,"/home/runner/work/fortis/fortis/src/app/ui-components/task/task.component.ts": {"lines":{"total":6,"covered":5,"skipped":0,"pct":83.33},"functions":{"total":3,"covered":2,"skipped":0,"pct":66.66},"statements":{"total":6,"covered":5,"skipped":0,"pct":83.33},"branches":{"total":0,"covered":0,"skipped":0,"pct":100}}
,"/home/runner/work/fortis/fortis/src/app/ui-components/task-list/task-list.component.ts": {"lines":{"total":12,"covered":12,"skipped":0,"pct":100},"functions":{"total":6,"covered":6,"skipped":0,"pct":100},"statements":{"total":12,"covered":12,"skipped":0,"pct":100},"branches":{"total":4,"covered":4,"skipped":0,"pct":100}}
,"/home/runner/work/fortis/fortis/src/app/ui-components/trainer-card/trainer-card.component.ts": {"lines":{"total":3,"covered":3,"skipped":0,"pct":100},"functions":{"total":1,"covered":1,"skipped":0,"pct":100},"statements":{"total":3,"covered":3,"skipped":0,"pct":100},"branches":{"total":0,"covered":0,"skipped":0,"pct":100}}
}
